
bb_init()
    conn:
    proto_major = 7
    proto_minor = 38
    async_read = 1
    max_write = 131072
    max_readahead = 131072
    capable = 00000ffb
    want = 00000010
    max_background = 0
    congestion_threshold = 0
    context:
    fuse = 8b5b77d0
    uid = 0
    gid = 0
    pid = 0
    private_data = 8b5b62a0
    logfile = 8b5b72d0
    rootdir = /home/taufiqulmawarid/git/sharesp231/taufiqulmawarid/fuse-tutorial-2018-02-04/example/rootdir
    umask = 00000

bb_getattr(path="/", statbuf=0xe2939c10)
    bb_fullpath:  rootdir = "/home/taufiqulmawarid/git/sharesp231/taufiqulmawarid/fuse-tutorial-2018-02-04/example/rootdir", path = "/", fpath = "/home/taufiqulmawarid/git/sharesp231/taufiqulmawarid/fuse-tutorial-2018-02-04/example/rootdir/"
    lstat returned 0
    si:
    st_dev = 2049
    st_ino = 526826
    st_mode = 040755
    st_nlink = 2
    st_uid = 1000
    st_gid = 1000
    st_rdev = 0
    st_size = 4096
    st_blksize = 4096
    st_blocks = 8
    st_atime = 0x64032c08
    st_mtime = 0x64032bfe
    st_ctime = 0x64032bfe

bb_access(path="/", mask=01)
    bb_fullpath:  rootdir = "/home/taufiqulmawarid/git/sharesp231/taufiqulmawarid/fuse-tutorial-2018-02-04/example/rootdir", path = "/", fpath = "/home/taufiqulmawarid/git/sharesp231/taufiqulmawarid/fuse-tutorial-2018-02-04/example/rootdir/"

bb_opendir(path="/", fi=0xe2939c30)
    bb_fullpath:  rootdir = "/home/taufiqulmawarid/git/sharesp231/taufiqulmawarid/fuse-tutorial-2018-02-04/example/rootdir", path = "/", fpath = "/home/taufiqulmawarid/git/sharesp231/taufiqulmawarid/fuse-tutorial-2018-02-04/example/rootdir/"
    opendir returned 0x0x7f0dd4000e50
    fi:
    flags = 0x00018800
    fh_old = 0x00000000
    writepage = 0
    direct_io = 0
    keep_cache = 0
    fh = 0x00007f0dd4000e50
    lock_owner = 0x0000000000000000

bb_readdir(path="/", buf=0xd4000dd0, filler=0xe3389ac0, offset=0, fi=0xe315cc30)
    readdir returned 0x0x7f0dd4000e80
calling filler with name .
calling filler with name bogus.txt
calling filler with name ..
calling filler with name test_copy_bogus.txt
    fi:
    flags = 0x00000000
    fh_old = 0x7f0dd4000e50
    writepage = 0
    direct_io = 0
    keep_cache = 0
    fh = 0x00007f0dd4000e50
    lock_owner = 0x0000000000000000

bb_getattr(path="/bogus.txt", statbuf=0xe2939c40)
    bb_fullpath:  rootdir = "/home/taufiqulmawarid/git/sharesp231/taufiqulmawarid/fuse-tutorial-2018-02-04/example/rootdir", path = "/bogus.txt", fpath = "/home/taufiqulmawarid/git/sharesp231/taufiqulmawarid/fuse-tutorial-2018-02-04/example/rootdir/bogus.txt"
    lstat returned 0
    si:
    st_dev = 2049
    st_ino = 526827
    st_mode = 0100644
    st_nlink = 1
    st_uid = 1000
    st_gid = 1000
    st_rdev = 0
    st_size = 11
    st_blksize = 4096
    st_blocks = 8
    st_atime = 0x64032bfe
    st_mtime = 0x6403244f
    st_ctime = 0x6403244f

bb_getattr(path="/test_copy_bogus.txt", statbuf=0xe315cc40)
    bb_fullpath:  rootdir = "/home/taufiqulmawarid/git/sharesp231/taufiqulmawarid/fuse-tutorial-2018-02-04/example/rootdir", path = "/test_copy_bogus.txt", fpath = "/home/taufiqulmawarid/git/sharesp231/taufiqulmawarid/fuse-tutorial-2018-02-04/example/rootdir/test_copy_bogus.txt"
    lstat returned 0
    si:
    st_dev = 2049
    st_ino = 526840
    st_mode = 0100644
    st_nlink = 1
    st_uid = 1000
    st_gid = 1000
    st_rdev = 0
    st_size = 11
    st_blksize = 4096
    st_blocks = 8
    st_atime = 0x64032d16
    st_mtime = 0x64032bfe
    st_ctime = 0x64032bfe

bb_releasedir(path="/", fi=0xe315cc30)
    fi:
    flags = 0x00000000
    fh_old = 0x7f0dd4000e50
    writepage = 0
    direct_io = 0
    keep_cache = 0
    fh = 0x00007f0dd4000e50
    lock_owner = 0x0000000000000000

bb_opendir(path="/", fi=0xe2939c30)
    bb_fullpath:  rootdir = "/home/taufiqulmawarid/git/sharesp231/taufiqulmawarid/fuse-tutorial-2018-02-04/example/rootdir", path = "/", fpath = "/home/taufiqulmawarid/git/sharesp231/taufiqulmawarid/fuse-tutorial-2018-02-04/example/rootdir/"
    opendir returned 0x0x7f0dd4008fb0
    fi:
    flags = 0x00018800
    fh_old = 0x00000000
    writepage = 0
    direct_io = 0
    keep_cache = 0
    fh = 0x00007f0dd4008fb0
    lock_owner = 0x0000000000000000

bb_getattr(path="/", statbuf=0xe315cc10)
    bb_fullpath:  rootdir = "/home/taufiqulmawarid/git/sharesp231/taufiqulmawarid/fuse-tutorial-2018-02-04/example/rootdir", path = "/", fpath = "/home/taufiqulmawarid/git/sharesp231/taufiqulmawarid/fuse-tutorial-2018-02-04/example/rootdir/"
    lstat returned 0
    si:
    st_dev = 2049
    st_ino = 526826
    st_mode = 040755
    st_nlink = 2
    st_uid = 1000
    st_gid = 1000
    st_rdev = 0
    st_size = 4096
    st_blksize = 4096
    st_blocks = 8
    st_atime = 0x64032c08
    st_mtime = 0x64032bfe
    st_ctime = 0x64032bfe

bb_readdir(path="/", buf=0xd4000ee0, filler=0xe3389ac0, offset=0, fi=0xe2939c30)
    readdir returned 0x0x7f0dd4008fe0
calling filler with name .
calling filler with name bogus.txt
calling filler with name ..
calling filler with name test_copy_bogus.txt
    fi:
    flags = 0x00000000
    fh_old = 0x7f0dd4008fb0
    writepage = 0
    direct_io = 0
    keep_cache = 0
    fh = 0x00007f0dd4008fb0
    lock_owner = 0x0000000000000000

bb_releasedir(path="/", fi=0xe2939c30)
    fi:
    flags = 0x00000000
    fh_old = 0x7f0dd4008fb0
    writepage = 0
    direct_io = 0
    keep_cache = 0
    fh = 0x00007f0dd4008fb0
    lock_owner = 0x0000000000000000

bb_getattr(path="/", statbuf=0xe315cc10)
    bb_fullpath:  rootdir = "/home/taufiqulmawarid/git/sharesp231/taufiqulmawarid/fuse-tutorial-2018-02-04/example/rootdir", path = "/", fpath = "/home/taufiqulmawarid/git/sharesp231/taufiqulmawarid/fuse-tutorial-2018-02-04/example/rootdir/"
    lstat returned 0
    si:
    st_dev = 2049
    st_ino = 526826
    st_mode = 040755
    st_nlink = 2
    st_uid = 1000
    st_gid = 1000
    st_rdev = 0
    st_size = 4096
    st_blksize = 4096
    st_blocks = 8
    st_atime = 0x64032c08
    st_mtime = 0x64032bfe
    st_ctime = 0x64032bfe

bb_getattr(path="/test_copy_bogus.txt", statbuf=0xe2939c40)
    bb_fullpath:  rootdir = "/home/taufiqulmawarid/git/sharesp231/taufiqulmawarid/fuse-tutorial-2018-02-04/example/rootdir", path = "/test_copy_bogus.txt", fpath = "/home/taufiqulmawarid/git/sharesp231/taufiqulmawarid/fuse-tutorial-2018-02-04/example/rootdir/test_copy_bogus.txt"
    lstat returned 0
    si:
    st_dev = 2049
    st_ino = 526840
    st_mode = 0100644
    st_nlink = 1
    st_uid = 1000
    st_gid = 1000
    st_rdev = 0
    st_size = 11
    st_blksize = 4096
    st_blocks = 8
    st_atime = 0x64032d16
    st_mtime = 0x64032bfe
    st_ctime = 0x64032bfe

bb_getattr(path="/test_copy_bogus.txt", statbuf=0xe315cc40)
    bb_fullpath:  rootdir = "/home/taufiqulmawarid/git/sharesp231/taufiqulmawarid/fuse-tutorial-2018-02-04/example/rootdir", path = "/test_copy_bogus.txt", fpath = "/home/taufiqulmawarid/git/sharesp231/taufiqulmawarid/fuse-tutorial-2018-02-04/example/rootdir/test_copy_bogus.txt"
    lstat returned 0
    si:
    st_dev = 2049
    st_ino = 526840
    st_mode = 0100644
    st_nlink = 1
    st_uid = 1000
    st_gid = 1000
    st_rdev = 0
    st_size = 11
    st_blksize = 4096
    st_blocks = 8
    st_atime = 0x64032d16
    st_mtime = 0x64032bfe
    st_ctime = 0x64032bfe
bb_unlink(path="/test_copy_bogus.txt")
    bb_fullpath:  rootdir = "/home/taufiqulmawarid/git/sharesp231/taufiqulmawarid/fuse-tutorial-2018-02-04/example/rootdir", path = "/test_copy_bogus.txt", fpath = "/home/taufiqulmawarid/git/sharesp231/taufiqulmawarid/fuse-tutorial-2018-02-04/example/rootdir/test_copy_bogus.txt"
    unlink returned 0

bb_opendir(path="/", fi=0xe2939c30)
    bb_fullpath:  rootdir = "/home/taufiqulmawarid/git/sharesp231/taufiqulmawarid/fuse-tutorial-2018-02-04/example/rootdir", path = "/", fpath = "/home/taufiqulmawarid/git/sharesp231/taufiqulmawarid/fuse-tutorial-2018-02-04/example/rootdir/"
    opendir returned 0x0x7f0dd4008fb0
    fi:
    flags = 0x00018800
    fh_old = 0x00000000
    writepage = 0
    direct_io = 0
    keep_cache = 0
    fh = 0x00007f0dd4008fb0
    lock_owner = 0x0000000000000000

bb_getattr(path="/", statbuf=0xe315cc10)
    bb_fullpath:  rootdir = "/home/taufiqulmawarid/git/sharesp231/taufiqulmawarid/fuse-tutorial-2018-02-04/example/rootdir", path = "/", fpath = "/home/taufiqulmawarid/git/sharesp231/taufiqulmawarid/fuse-tutorial-2018-02-04/example/rootdir/"
    lstat returned 0
    si:
    st_dev = 2049
    st_ino = 526826
    st_mode = 040755
    st_nlink = 2
    st_uid = 1000
    st_gid = 1000
    st_rdev = 0
    st_size = 4096
    st_blksize = 4096
    st_blocks = 8
    st_atime = 0x64032c08
    st_mtime = 0x6403383b
    st_ctime = 0x6403383b

bb_readdir(path="/", buf=0xd4001520, filler=0xe3389ac0, offset=0, fi=0xe2939c30)
    readdir returned 0x0x7f0dd4008fe0
calling filler with name .
calling filler with name bogus.txt
calling filler with name ..
    fi:
    flags = 0x00000000
    fh_old = 0x7f0dd4008fb0
    writepage = 0
    direct_io = 0
    keep_cache = 0
    fh = 0x00007f0dd4008fb0
    lock_owner = 0x0000000000000000

bb_getattr(path="/bogus.txt", statbuf=0xe315cc40)
    bb_fullpath:  rootdir = "/home/taufiqulmawarid/git/sharesp231/taufiqulmawarid/fuse-tutorial-2018-02-04/example/rootdir", path = "/bogus.txt", fpath = "/home/taufiqulmawarid/git/sharesp231/taufiqulmawarid/fuse-tutorial-2018-02-04/example/rootdir/bogus.txt"
    lstat returned 0
    si:
    st_dev = 2049
    st_ino = 526827
    st_mode = 0100644
    st_nlink = 1
    st_uid = 1000
    st_gid = 1000
    st_rdev = 0
    st_size = 11
    st_blksize = 4096
    st_blocks = 8
    st_atime = 0x64032bfe
    st_mtime = 0x6403244f
    st_ctime = 0x6403244f

bb_releasedir(path="/", fi=0xe315cc30)
    fi:
    flags = 0x00000000
    fh_old = 0x7f0dd4008fb0
    writepage = 0
    direct_io = 0
    keep_cache = 0
    fh = 0x00007f0dd4008fb0
    lock_owner = 0x0000000000000000

bb_getattr(path="/", statbuf=0xe2939c10)
    bb_fullpath:  rootdir = "/home/taufiqulmawarid/git/sharesp231/taufiqulmawarid/fuse-tutorial-2018-02-04/example/rootdir", path = "/", fpath = "/home/taufiqulmawarid/git/sharesp231/taufiqulmawarid/fuse-tutorial-2018-02-04/example/rootdir/"
    lstat returned 0
    si:
    st_dev = 2049
    st_ino = 526826
    st_mode = 040755
    st_nlink = 2
    st_uid = 1000
    st_gid = 1000
    st_rdev = 0
    st_size = 4096
    st_blksize = 4096
    st_blocks = 8
    st_atime = 0x6403383d
    st_mtime = 0x6403383b
    st_ctime = 0x6403383b

bb_destroy(userdata=0x8b5b62a0)
