
bb_init()
    conn:
    proto_major = 7
    proto_minor = 38
    async_read = 1
    max_write = 131072
    max_readahead = 131072
    capable = 00000ffb
    want = 00000010
    max_background = 0
    congestion_threshold = 0
    context:
    fuse = 3acc57a0
    uid = 0
    gid = 0
    pid = 0
    private_data = 3acc42a0
    logfile = 3acc52d0
    rootdir = /home/rorre/git/sharesp231/rorre/fuse-tutorial-2018-02-04/example/rootdir
    umask = 00000

bb_getattr(path="/", statbuf=0x36183c10)
    bb_fullpath:  rootdir = "/home/rorre/git/sharesp231/rorre/fuse-tutorial-2018-02-04/example/rootdir", path = "/", fpath = "/home/rorre/git/sharesp231/rorre/fuse-tutorial-2018-02-04/example/rootdir/"
    lstat returned 0
    si:
    st_dev = 2049
    st_ino = 1050104
    st_mode = 040755
    st_nlink = 2
    st_uid = 1000
    st_gid = 1000
    st_rdev = 0
    st_size = 4096
    st_blksize = 4096
    st_blocks = 8
    st_atime = 0x63fc6fec
    st_mtime = 0x63fc6f8f
    st_ctime = 0x63fc6f8f

bb_getattr(path="/", statbuf=0x369a6c10)
    bb_fullpath:  rootdir = "/home/rorre/git/sharesp231/rorre/fuse-tutorial-2018-02-04/example/rootdir", path = "/", fpath = "/home/rorre/git/sharesp231/rorre/fuse-tutorial-2018-02-04/example/rootdir/"
    lstat returned 0
    si:
    st_dev = 2049
    st_ino = 1050104
    st_mode = 040755
    st_nlink = 2
    st_uid = 1000
    st_gid = 1000
    st_rdev = 0
    st_size = 4096
    st_blksize = 4096
    st_blocks = 8
    st_atime = 0x63fc6fec
    st_mtime = 0x63fc6f8f
    st_ctime = 0x63fc6f8f

bb_access(path="/", mask=01)
    bb_fullpath:  rootdir = "/home/rorre/git/sharesp231/rorre/fuse-tutorial-2018-02-04/example/rootdir", path = "/", fpath = "/home/rorre/git/sharesp231/rorre/fuse-tutorial-2018-02-04/example/rootdir/"

bb_getattr(path="/rorre.txt", statbuf=0x369a6c40)
    bb_fullpath:  rootdir = "/home/rorre/git/sharesp231/rorre/fuse-tutorial-2018-02-04/example/rootdir", path = "/rorre.txt", fpath = "/home/rorre/git/sharesp231/rorre/fuse-tutorial-2018-02-04/example/rootdir/rorre.txt"
    lstat returned -1
    ERROR lstat: No such file or directory
    si:
    st_dev = 0
    st_ino = 0
    st_mode = 00
    st_nlink = 0
    st_uid = 0
    st_gid = 0
    st_rdev = 0
    st_size = 0
    st_blksize = 0
    st_blocks = 0
    st_atime = 0x00000000
    st_mtime = 0x00000000
    st_ctime = 0x00000000

bb_mknod(path="/rorre.txt", mode=0100644, dev=0)
    bb_fullpath:  rootdir = "/home/rorre/git/sharesp231/rorre/fuse-tutorial-2018-02-04/example/rootdir", path = "/rorre.txt", fpath = "/home/rorre/git/sharesp231/rorre/fuse-tutorial-2018-02-04/example/rootdir/rorre.txt"
    open returned 5
    close returned 0

bb_getattr(path="/rorre.txt", statbuf=0x369a6c40)
    bb_fullpath:  rootdir = "/home/rorre/git/sharesp231/rorre/fuse-tutorial-2018-02-04/example/rootdir", path = "/rorre.txt", fpath = "/home/rorre/git/sharesp231/rorre/fuse-tutorial-2018-02-04/example/rootdir/rorre.txt"
    lstat returned 0
    si:
    st_dev = 2049
    st_ino = 1049779
    st_mode = 0100644
    st_nlink = 1
    st_uid = 1000
    st_gid = 1000
    st_rdev = 0
    st_size = 0
    st_blksize = 4096
    st_blocks = 0
    st_atime = 0x64042988
    st_mtime = 0x64042988
    st_ctime = 0x64042988

bb_open(path"/rorre.txt", fi=0x36183cf0)
    bb_fullpath:  rootdir = "/home/rorre/git/sharesp231/rorre/fuse-tutorial-2018-02-04/example/rootdir", path = "/rorre.txt", fpath = "/home/rorre/git/sharesp231/rorre/fuse-tutorial-2018-02-04/example/rootdir/rorre.txt"
    open returned 5
    fi:
    flags = 0x00008001
    fh_old = 0x00000000
    writepage = 0
    direct_io = 0
    keep_cache = 0
    fh = 0x0000000000000005
    lock_owner = 0x0000000000000000

bb_flush(path="/rorre.txt", fi=0x369a6cf0)
    fi:
    flags = 0x00000000
    fh_old = 0x00000005
    writepage = 0
    direct_io = 0
    keep_cache = 0
    fh = 0x0000000000000005
    lock_owner = 0x2c688fcd642044b8

bb_getxattr(path = "/rorre.txt", name = "security.capability", value = 0x00000000, size = 0)
    bb_fullpath:  rootdir = "/home/rorre/git/sharesp231/rorre/fuse-tutorial-2018-02-04/example/rootdir", path = "/rorre.txt", fpath = "/home/rorre/git/sharesp231/rorre/fuse-tutorial-2018-02-04/example/rootdir/rorre.txt"
    lgetxattr returned -1
    ERROR lgetxattr: No data available

bb_write(path="/rorre.txt", buf=0x369a8060, size=17, offset=0, fi=0x369a6d50)
    fi:
    flags = 0x00008001
    fh_old = 0x00000005
    writepage = 0
    direct_io = 0
    keep_cache = 0
    fh = 0x0000000000000005
    lock_owner = 0x0000000000000000
    pwrite returned 17

bb_flush(path="/rorre.txt", fi=0x36183cf0)
    fi:
    flags = 0x00000000
    fh_old = 0x00000005
    writepage = 0
    direct_io = 0
    keep_cache = 0
    fh = 0x0000000000000005
    lock_owner = 0x2c688fcd642044b8

bb_release(path="/rorre.txt", fi=0x369a6cf0)
    fi:
    flags = 0x00008001
    fh_old = 0x00000005
    writepage = 0
    direct_io = 0
    keep_cache = 0
    fh = 0x0000000000000005
    lock_owner = 0x0000000000000000
    close returned 0

bb_getattr(path="/", statbuf=0x36183c10)
    bb_fullpath:  rootdir = "/home/rorre/git/sharesp231/rorre/fuse-tutorial-2018-02-04/example/rootdir", path = "/", fpath = "/home/rorre/git/sharesp231/rorre/fuse-tutorial-2018-02-04/example/rootdir/"
    lstat returned 0
    si:
    st_dev = 2049
    st_ino = 1050104
    st_mode = 040755
    st_nlink = 2
    st_uid = 1000
    st_gid = 1000
    st_rdev = 0
    st_size = 4096
    st_blksize = 4096
    st_blocks = 8
    st_atime = 0x63fc6fec
    st_mtime = 0x64042988
    st_ctime = 0x64042988

bb_getattr(path="/", statbuf=0x369a6c10)
    bb_fullpath:  rootdir = "/home/rorre/git/sharesp231/rorre/fuse-tutorial-2018-02-04/example/rootdir", path = "/", fpath = "/home/rorre/git/sharesp231/rorre/fuse-tutorial-2018-02-04/example/rootdir/"
    lstat returned 0
    si:
    st_dev = 2049
    st_ino = 1050104
    st_mode = 040755
    st_nlink = 2
    st_uid = 1000
    st_gid = 1000
    st_rdev = 0
    st_size = 4096
    st_blksize = 4096
    st_blocks = 8
    st_atime = 0x63fc6fec
    st_mtime = 0x64042988
    st_ctime = 0x64042988

bb_destroy(userdata=0x3acc42a0)
