
bb_init()
    conn:
    proto_major = 7
    proto_minor = 37
    async_read = 1
    max_write = 131072
    max_readahead = 131072
    capable = 00000ffb
    want = 00000010
    max_background = 0
    congestion_threshold = 0
    context:
    fuse = f49817e0
    uid = 0
    gid = 0
    pid = 0
    private_data = f49802a0
    logfile = f49812d0
    rootdir = /home/bintangbhp/git/sharesp231/bintangbhp/03-helloworld-fuse/fuse-tutorial-2018-02-04/example/rootdir
    umask = 00000

bb_getattr(path="/", statbuf=0x3e061c10)
    bb_fullpath:  rootdir = "/home/bintangbhp/git/sharesp231/bintangbhp/03-helloworld-fuse/fuse-tutorial-2018-02-04/example/rootdir", path = "/", fpath = "/home/bintangbhp/git/sharesp231/bintangbhp/03-helloworld-fuse/fuse-tutorial-2018-02-04/example/rootdir/"
    lstat returned 0
    si:
    st_dev = 2049
    st_ino = 1309042
    st_mode = 040755
    st_nlink = 2
    st_uid = 1000
    st_gid = 1000
    st_rdev = 0
    st_size = 4096
    st_blksize = 4096
    st_blocks = 8
    st_atime = 0x63fc71f7
    st_mtime = 0x63fc71f7
    st_ctime = 0x63fc71f7

bb_getxattr(path = "/", name = "security.selinux", value = 0x30000c30, size = 255)
    bb_fullpath:  rootdir = "/home/bintangbhp/git/sharesp231/bintangbhp/03-helloworld-fuse/fuse-tutorial-2018-02-04/example/rootdir", path = "/", fpath = "/home/bintangbhp/git/sharesp231/bintangbhp/03-helloworld-fuse/fuse-tutorial-2018-02-04/example/rootdir/"
    lgetxattr returned -1
    ERROR lgetxattr: No data available

bb_getxattr(path = "/", name = "system.posix_acl_access", value = 0x00000000, size = 0)
    bb_fullpath:  rootdir = "/home/bintangbhp/git/sharesp231/bintangbhp/03-helloworld-fuse/fuse-tutorial-2018-02-04/example/rootdir", path = "/", fpath = "/home/bintangbhp/git/sharesp231/bintangbhp/03-helloworld-fuse/fuse-tutorial-2018-02-04/example/rootdir/"
    lgetxattr returned -1
    ERROR lgetxattr: No data available

bb_getxattr(path = "/", name = "system.posix_acl_default", value = 0x00000000, size = 0)
    bb_fullpath:  rootdir = "/home/bintangbhp/git/sharesp231/bintangbhp/03-helloworld-fuse/fuse-tutorial-2018-02-04/example/rootdir", path = "/", fpath = "/home/bintangbhp/git/sharesp231/bintangbhp/03-helloworld-fuse/fuse-tutorial-2018-02-04/example/rootdir/"
    lgetxattr returned -1
    ERROR lgetxattr: No data available

bb_getattr(path="/", statbuf=0x3e061c10)
    bb_fullpath:  rootdir = "/home/bintangbhp/git/sharesp231/bintangbhp/03-helloworld-fuse/fuse-tutorial-2018-02-04/example/rootdir", path = "/", fpath = "/home/bintangbhp/git/sharesp231/bintangbhp/03-helloworld-fuse/fuse-tutorial-2018-02-04/example/rootdir/"
    lstat returned 0
    si:
    st_dev = 2049
    st_ino = 1309042
    st_mode = 040755
    st_nlink = 2
    st_uid = 1000
    st_gid = 1000
    st_rdev = 0
    st_size = 4096
    st_blksize = 4096
    st_blocks = 8
    st_atime = 0x63fc71f7
    st_mtime = 0x63fc71f7
    st_ctime = 0x63fc71f7

bb_access(path="/", mask=01)
    bb_fullpath:  rootdir = "/home/bintangbhp/git/sharesp231/bintangbhp/03-helloworld-fuse/fuse-tutorial-2018-02-04/example/rootdir", path = "/", fpath = "/home/bintangbhp/git/sharesp231/bintangbhp/03-helloworld-fuse/fuse-tutorial-2018-02-04/example/rootdir/"

bb_opendir(path="/", fi=0x3e061c30)
    bb_fullpath:  rootdir = "/home/bintangbhp/git/sharesp231/bintangbhp/03-helloworld-fuse/fuse-tutorial-2018-02-04/example/rootdir", path = "/", fpath = "/home/bintangbhp/git/sharesp231/bintangbhp/03-helloworld-fuse/fuse-tutorial-2018-02-04/example/rootdir/"
    opendir returned 0x0x7f8638002170
    fi:
    flags = 0x00018800
    fh_old = 0x00000000
    writepage = 0
    direct_io = 0
    keep_cache = 0
    fh = 0x00007f8638002170
    lock_owner = 0x0000000000000000

bb_getattr(path="/", statbuf=0x3d83ec10)
    bb_fullpath:  rootdir = "/home/bintangbhp/git/sharesp231/bintangbhp/03-helloworld-fuse/fuse-tutorial-2018-02-04/example/rootdir", path = "/", fpath = "/home/bintangbhp/git/sharesp231/bintangbhp/03-helloworld-fuse/fuse-tutorial-2018-02-04/example/rootdir/"
    lstat returned 0
    si:
    st_dev = 2049
    st_ino = 1309042
    st_mode = 040755
    st_nlink = 2
    st_uid = 1000
    st_gid = 1000
    st_rdev = 0
    st_size = 4096
    st_blksize = 4096
    st_blocks = 8
    st_atime = 0x63fc71f7
    st_mtime = 0x63fc71f7
    st_ctime = 0x63fc71f7

bb_readdir(path="/", buf=0x380020f0, filler=0x3e28eac0, offset=0, fi=0x3e061c30)
    readdir returned 0x0x7f86380021a0
calling filler with name bogus.txt
calling filler with name ..
calling filler with name .
    fi:
    flags = 0x00000000
    fh_old = 0x7f8638002170
    writepage = 0
    direct_io = 0
    keep_cache = 0
    fh = 0x00007f8638002170
    lock_owner = 0x0000000000000000

bb_getattr(path="/bogus.txt", statbuf=0x3d83ec40)
    bb_fullpath:  rootdir = "/home/bintangbhp/git/sharesp231/bintangbhp/03-helloworld-fuse/fuse-tutorial-2018-02-04/example/rootdir", path = "/bogus.txt", fpath = "/home/bintangbhp/git/sharesp231/bintangbhp/03-helloworld-fuse/fuse-tutorial-2018-02-04/example/rootdir/bogus.txt"
    lstat returned 0
    si:
    st_dev = 2049
    st_ino = 1309043
    st_mode = 0100644
    st_nlink = 1
    st_uid = 1000
    st_gid = 1000
    st_rdev = 0
    st_size = 11
    st_blksize = 4096
    st_blocks = 8
    st_atime = 0x63fc71f7
    st_mtime = 0x63fc71f7
    st_ctime = 0x63fc71f7

bb_getxattr(path = "/bogus.txt", name = "security.selinux", value = 0x38001e30, size = 255)
    bb_fullpath:  rootdir = "/home/bintangbhp/git/sharesp231/bintangbhp/03-helloworld-fuse/fuse-tutorial-2018-02-04/example/rootdir", path = "/bogus.txt", fpath = "/home/bintangbhp/git/sharesp231/bintangbhp/03-helloworld-fuse/fuse-tutorial-2018-02-04/example/rootdir/bogus.txt"
    lgetxattr returned -1
    ERROR lgetxattr: No data available

bb_getxattr(path = "/bogus.txt", name = "system.posix_acl_access", value = 0x00000000, size = 0)
    bb_fullpath:  rootdir = "/home/bintangbhp/git/sharesp231/bintangbhp/03-helloworld-fuse/fuse-tutorial-2018-02-04/example/rootdir", path = "/bogus.txt", fpath = "/home/bintangbhp/git/sharesp231/bintangbhp/03-helloworld-fuse/fuse-tutorial-2018-02-04/example/rootdir/bogus.txt"
    lgetxattr returned -1
    ERROR lgetxattr: No data available

bb_getxattr(path = "/", name = "security.selinux", value = 0x38001e30, size = 255)
    bb_fullpath:  rootdir = "/home/bintangbhp/git/sharesp231/bintangbhp/03-helloworld-fuse/fuse-tutorial-2018-02-04/example/rootdir", path = "/", fpath = "/home/bintangbhp/git/sharesp231/bintangbhp/03-helloworld-fuse/fuse-tutorial-2018-02-04/example/rootdir/"
    lgetxattr returned -1
    ERROR lgetxattr: No data available

bb_getxattr(path = "/", name = "system.posix_acl_access", value = 0x00000000, size = 0)
    bb_fullpath:  rootdir = "/home/bintangbhp/git/sharesp231/bintangbhp/03-helloworld-fuse/fuse-tutorial-2018-02-04/example/rootdir", path = "/", fpath = "/home/bintangbhp/git/sharesp231/bintangbhp/03-helloworld-fuse/fuse-tutorial-2018-02-04/example/rootdir/"
    lgetxattr returned -1
    ERROR lgetxattr: No data available

bb_getxattr(path = "/", name = "system.posix_acl_default", value = 0x00000000, size = 0)
    bb_fullpath:  rootdir = "/home/bintangbhp/git/sharesp231/bintangbhp/03-helloworld-fuse/fuse-tutorial-2018-02-04/example/rootdir", path = "/", fpath = "/home/bintangbhp/git/sharesp231/bintangbhp/03-helloworld-fuse/fuse-tutorial-2018-02-04/example/rootdir/"
    lgetxattr returned -1
    ERROR lgetxattr: No data available

bb_releasedir(path="/", fi=0x3e061c30)
    fi:
    flags = 0x00000000
    fh_old = 0x7f8638002170
    writepage = 0
    direct_io = 0
    keep_cache = 0
    fh = 0x00007f8638002170
    lock_owner = 0x0000000000000000

bb_getattr(path="/", statbuf=0x3d83ec10)
    bb_fullpath:  rootdir = "/home/bintangbhp/git/sharesp231/bintangbhp/03-helloworld-fuse/fuse-tutorial-2018-02-04/example/rootdir", path = "/", fpath = "/home/bintangbhp/git/sharesp231/bintangbhp/03-helloworld-fuse/fuse-tutorial-2018-02-04/example/rootdir/"
    lstat returned 0
    si:
    st_dev = 2049
    st_ino = 1309042
    st_mode = 040755
    st_nlink = 2
    st_uid = 1000
    st_gid = 1000
    st_rdev = 0
    st_size = 4096
    st_blksize = 4096
    st_blocks = 8
    st_atime = 0x63fc72e1
    st_mtime = 0x63fc71f7
    st_ctime = 0x63fc71f7

bb_getattr(path="/", statbuf=0x3e061c10)
    bb_fullpath:  rootdir = "/home/bintangbhp/git/sharesp231/bintangbhp/03-helloworld-fuse/fuse-tutorial-2018-02-04/example/rootdir", path = "/", fpath = "/home/bintangbhp/git/sharesp231/bintangbhp/03-helloworld-fuse/fuse-tutorial-2018-02-04/example/rootdir/"
    lstat returned 0
    si:
    st_dev = 2049
    st_ino = 1309042
    st_mode = 040755
    st_nlink = 2
    st_uid = 1000
    st_gid = 1000
    st_rdev = 0
    st_size = 4096
    st_blksize = 4096
    st_blocks = 8
    st_atime = 0x63fc72e1
    st_mtime = 0x63fc71f7
    st_ctime = 0x63fc71f7

bb_getxattr(path = "/", name = "security.selinux", value = 0x30000c30, size = 255)
    bb_fullpath:  rootdir = "/home/bintangbhp/git/sharesp231/bintangbhp/03-helloworld-fuse/fuse-tutorial-2018-02-04/example/rootdir", path = "/", fpath = "/home/bintangbhp/git/sharesp231/bintangbhp/03-helloworld-fuse/fuse-tutorial-2018-02-04/example/rootdir/"
    lgetxattr returned -1
    ERROR lgetxattr: No data available

bb_getxattr(path = "/", name = "system.posix_acl_access", value = 0x00000000, size = 0)
    bb_fullpath:  rootdir = "/home/bintangbhp/git/sharesp231/bintangbhp/03-helloworld-fuse/fuse-tutorial-2018-02-04/example/rootdir", path = "/", fpath = "/home/bintangbhp/git/sharesp231/bintangbhp/03-helloworld-fuse/fuse-tutorial-2018-02-04/example/rootdir/"
    lgetxattr returned -1
    ERROR lgetxattr: No data available

bb_getxattr(path = "/", name = "system.posix_acl_default", value = 0x00000000, size = 0)
    bb_fullpath:  rootdir = "/home/bintangbhp/git/sharesp231/bintangbhp/03-helloworld-fuse/fuse-tutorial-2018-02-04/example/rootdir", path = "/", fpath = "/home/bintangbhp/git/sharesp231/bintangbhp/03-helloworld-fuse/fuse-tutorial-2018-02-04/example/rootdir/"
    lgetxattr returned -1
    ERROR lgetxattr: No data available

bb_getattr(path="/", statbuf=0x3e061c10)
    bb_fullpath:  rootdir = "/home/bintangbhp/git/sharesp231/bintangbhp/03-helloworld-fuse/fuse-tutorial-2018-02-04/example/rootdir", path = "/", fpath = "/home/bintangbhp/git/sharesp231/bintangbhp/03-helloworld-fuse/fuse-tutorial-2018-02-04/example/rootdir/"
    lstat returned 0
    si:
    st_dev = 2049
    st_ino = 1309042
    st_mode = 040755
    st_nlink = 2
    st_uid = 1000
    st_gid = 1000
    st_rdev = 0
    st_size = 4096
    st_blksize = 4096
    st_blocks = 8
    st_atime = 0x63fc72e1
    st_mtime = 0x63fc71f7
    st_ctime = 0x63fc71f7

bb_getxattr(path = "/", name = "security.selinux", value = 0x30000c30, size = 255)
    bb_fullpath:  rootdir = "/home/bintangbhp/git/sharesp231/bintangbhp/03-helloworld-fuse/fuse-tutorial-2018-02-04/example/rootdir", path = "/", fpath = "/home/bintangbhp/git/sharesp231/bintangbhp/03-helloworld-fuse/fuse-tutorial-2018-02-04/example/rootdir/"
    lgetxattr returned -1
    ERROR lgetxattr: No data available

bb_getxattr(path = "/", name = "system.posix_acl_access", value = 0x00000000, size = 0)
    bb_fullpath:  rootdir = "/home/bintangbhp/git/sharesp231/bintangbhp/03-helloworld-fuse/fuse-tutorial-2018-02-04/example/rootdir", path = "/", fpath = "/home/bintangbhp/git/sharesp231/bintangbhp/03-helloworld-fuse/fuse-tutorial-2018-02-04/example/rootdir/"
    lgetxattr returned -1
    ERROR lgetxattr: No data available

bb_getxattr(path = "/", name = "system.posix_acl_default", value = 0x00000000, size = 0)
    bb_fullpath:  rootdir = "/home/bintangbhp/git/sharesp231/bintangbhp/03-helloworld-fuse/fuse-tutorial-2018-02-04/example/rootdir", path = "/", fpath = "/home/bintangbhp/git/sharesp231/bintangbhp/03-helloworld-fuse/fuse-tutorial-2018-02-04/example/rootdir/"
    lgetxattr returned -1
    ERROR lgetxattr: No data available

bb_getattr(path="/", statbuf=0x3e061c10)
    bb_fullpath:  rootdir = "/home/bintangbhp/git/sharesp231/bintangbhp/03-helloworld-fuse/fuse-tutorial-2018-02-04/example/rootdir", path = "/", fpath = "/home/bintangbhp/git/sharesp231/bintangbhp/03-helloworld-fuse/fuse-tutorial-2018-02-04/example/rootdir/"
    lstat returned 0
    si:
    st_dev = 2049
    st_ino = 1309042
    st_mode = 040755
    st_nlink = 2
    st_uid = 1000
    st_gid = 1000
    st_rdev = 0
    st_size = 4096
    st_blksize = 4096
    st_blocks = 8
    st_atime = 0x63fc72e1
    st_mtime = 0x63fc71f7
    st_ctime = 0x63fc71f7

bb_access(path="/", mask=01)
    bb_fullpath:  rootdir = "/home/bintangbhp/git/sharesp231/bintangbhp/03-helloworld-fuse/fuse-tutorial-2018-02-04/example/rootdir", path = "/", fpath = "/home/bintangbhp/git/sharesp231/bintangbhp/03-helloworld-fuse/fuse-tutorial-2018-02-04/example/rootdir/"

bb_opendir(path="/", fi=0x3e061c30)
    bb_fullpath:  rootdir = "/home/bintangbhp/git/sharesp231/bintangbhp/03-helloworld-fuse/fuse-tutorial-2018-02-04/example/rootdir", path = "/", fpath = "/home/bintangbhp/git/sharesp231/bintangbhp/03-helloworld-fuse/fuse-tutorial-2018-02-04/example/rootdir/"
    opendir returned 0x0x7f863800a7f0
    fi:
    flags = 0x00018800
    fh_old = 0x00000000
    writepage = 0
    direct_io = 0
    keep_cache = 0
    fh = 0x00007f863800a7f0
    lock_owner = 0x0000000000000000

bb_getattr(path="/", statbuf=0x3d83ec10)
    bb_fullpath:  rootdir = "/home/bintangbhp/git/sharesp231/bintangbhp/03-helloworld-fuse/fuse-tutorial-2018-02-04/example/rootdir", path = "/", fpath = "/home/bintangbhp/git/sharesp231/bintangbhp/03-helloworld-fuse/fuse-tutorial-2018-02-04/example/rootdir/"
    lstat returned 0
    si:
    st_dev = 2049
    st_ino = 1309042
    st_mode = 040755
    st_nlink = 2
    st_uid = 1000
    st_gid = 1000
    st_rdev = 0
    st_size = 4096
    st_blksize = 4096
    st_blocks = 8
    st_atime = 0x63fc72e1
    st_mtime = 0x63fc71f7
    st_ctime = 0x63fc71f7

bb_readdir(path="/", buf=0x38002200, filler=0x3e28eac0, offset=0, fi=0x3e061c30)
    readdir returned 0x0x7f863800a820
calling filler with name bogus.txt
calling filler with name ..
calling filler with name .
    fi:
    flags = 0x00000000
    fh_old = 0x7f863800a7f0
    writepage = 0
    direct_io = 0
    keep_cache = 0
    fh = 0x00007f863800a7f0
    lock_owner = 0x0000000000000000

bb_getattr(path="/bogus.txt", statbuf=0x3d83ec40)
    bb_fullpath:  rootdir = "/home/bintangbhp/git/sharesp231/bintangbhp/03-helloworld-fuse/fuse-tutorial-2018-02-04/example/rootdir", path = "/bogus.txt", fpath = "/home/bintangbhp/git/sharesp231/bintangbhp/03-helloworld-fuse/fuse-tutorial-2018-02-04/example/rootdir/bogus.txt"
    lstat returned 0
    si:
    st_dev = 2049
    st_ino = 1309043
    st_mode = 0100644
    st_nlink = 1
    st_uid = 1000
    st_gid = 1000
    st_rdev = 0
    st_size = 11
    st_blksize = 4096
    st_blocks = 8
    st_atime = 0x63fc71f7
    st_mtime = 0x63fc71f7
    st_ctime = 0x63fc71f7

bb_getxattr(path = "/bogus.txt", name = "security.selinux", value = 0x38001e30, size = 255)
    bb_fullpath:  rootdir = "/home/bintangbhp/git/sharesp231/bintangbhp/03-helloworld-fuse/fuse-tutorial-2018-02-04/example/rootdir", path = "/bogus.txt", fpath = "/home/bintangbhp/git/sharesp231/bintangbhp/03-helloworld-fuse/fuse-tutorial-2018-02-04/example/rootdir/bogus.txt"
    lgetxattr returned -1
    ERROR lgetxattr: No data available

bb_getxattr(path = "/bogus.txt", name = "system.posix_acl_access", value = 0x00000000, size = 0)
    bb_fullpath:  rootdir = "/home/bintangbhp/git/sharesp231/bintangbhp/03-helloworld-fuse/fuse-tutorial-2018-02-04/example/rootdir", path = "/bogus.txt", fpath = "/home/bintangbhp/git/sharesp231/bintangbhp/03-helloworld-fuse/fuse-tutorial-2018-02-04/example/rootdir/bogus.txt"
    lgetxattr returned -1
    ERROR lgetxattr: No data available

bb_getxattr(path = "/", name = "security.selinux", value = 0x38001e30, size = 255)
    bb_fullpath:  rootdir = "/home/bintangbhp/git/sharesp231/bintangbhp/03-helloworld-fuse/fuse-tutorial-2018-02-04/example/rootdir", path = "/", fpath = "/home/bintangbhp/git/sharesp231/bintangbhp/03-helloworld-fuse/fuse-tutorial-2018-02-04/example/rootdir/"
    lgetxattr returned -1
    ERROR lgetxattr: No data available

bb_getxattr(path = "/", name = "system.posix_acl_access", value = 0x00000000, size = 0)
    bb_fullpath:  rootdir = "/home/bintangbhp/git/sharesp231/bintangbhp/03-helloworld-fuse/fuse-tutorial-2018-02-04/example/rootdir", path = "/", fpath = "/home/bintangbhp/git/sharesp231/bintangbhp/03-helloworld-fuse/fuse-tutorial-2018-02-04/example/rootdir/"
    lgetxattr returned -1
    ERROR lgetxattr: No data available

bb_getxattr(path = "/", name = "system.posix_acl_default", value = 0x00000000, size = 0)
    bb_fullpath:  rootdir = "/home/bintangbhp/git/sharesp231/bintangbhp/03-helloworld-fuse/fuse-tutorial-2018-02-04/example/rootdir", path = "/", fpath = "/home/bintangbhp/git/sharesp231/bintangbhp/03-helloworld-fuse/fuse-tutorial-2018-02-04/example/rootdir/"
    lgetxattr returned -1
    ERROR lgetxattr: No data available

bb_releasedir(path="/", fi=0x3e061c30)
    fi:
    flags = 0x00000000
    fh_old = 0x7f863800a7f0
    writepage = 0
    direct_io = 0
    keep_cache = 0
    fh = 0x00007f863800a7f0
    lock_owner = 0x0000000000000000

bb_getattr(path="/", statbuf=0x3d83ec10)
    bb_fullpath:  rootdir = "/home/bintangbhp/git/sharesp231/bintangbhp/03-helloworld-fuse/fuse-tutorial-2018-02-04/example/rootdir", path = "/", fpath = "/home/bintangbhp/git/sharesp231/bintangbhp/03-helloworld-fuse/fuse-tutorial-2018-02-04/example/rootdir/"
    lstat returned 0
    si:
    st_dev = 2049
    st_ino = 1309042
    st_mode = 040755
    st_nlink = 2
    st_uid = 1000
    st_gid = 1000
    st_rdev = 0
    st_size = 4096
    st_blksize = 4096
    st_blocks = 8
    st_atime = 0x63fc72e1
    st_mtime = 0x63fc71f7
    st_ctime = 0x63fc71f7

bb_destroy(userdata=0xf49802a0)
