
bb_init()
    conn:
    proto_major = 7
    proto_minor = 38
    async_read = 1
    max_write = 131072
    max_readahead = 131072
    capable = 00000ffb
    want = 00000010
    max_background = 0
    congestion_threshold = 0
    context:
    fuse = e05b87b0
    uid = 0
    gid = 0
    pid = 0
    private_data = e05b72a0
    logfile = e05b82d0
    rootdir = /home/ReeyaDono/git/sharesp231/ReeyaDono/fuse-tutorial-2018-02-04/example/rootdir
    umask = 00000

bb_getattr(path="/", statbuf=0x52049c10)
    bb_fullpath:  rootdir = "/home/ReeyaDono/git/sharesp231/ReeyaDono/fuse-tutorial-2018-02-04/example/rootdir", path = "/", fpath = "/home/ReeyaDono/git/sharesp231/ReeyaDono/fuse-tutorial-2018-02-04/example/rootdir/"
    lstat returned 0
    si:
    st_dev = 2049
    st_ino = 60823
    st_mode = 040755
    st_nlink = 2
    st_uid = 1002
    st_gid = 1002
    st_rdev = 0
    st_size = 4096
    st_blksize = 4096
    st_blocks = 8
    st_atime = 0x6402fe6c
    st_mtime = 0x6402fe27
    st_ctime = 0x6402fe27

bb_getxattr(path = "/", name = "security.selinux", value = 0x44000c30, size = 255)
    bb_fullpath:  rootdir = "/home/ReeyaDono/git/sharesp231/ReeyaDono/fuse-tutorial-2018-02-04/example/rootdir", path = "/", fpath = "/home/ReeyaDono/git/sharesp231/ReeyaDono/fuse-tutorial-2018-02-04/example/rootdir/"
    lgetxattr returned -1
    ERROR lgetxattr: No data available

bb_getxattr(path = "/", name = "system.posix_acl_access", value = 0x4c001fd0, size = 4096)
    bb_fullpath:  rootdir = "/home/ReeyaDono/git/sharesp231/ReeyaDono/fuse-tutorial-2018-02-04/example/rootdir", path = "/", fpath = "/home/ReeyaDono/git/sharesp231/ReeyaDono/fuse-tutorial-2018-02-04/example/rootdir/"
    lgetxattr returned -1
    ERROR lgetxattr: No data available

bb_getxattr(path = "/", name = "system.posix_acl_default", value = 0x44000ee0, size = 4096)
    bb_fullpath:  rootdir = "/home/ReeyaDono/git/sharesp231/ReeyaDono/fuse-tutorial-2018-02-04/example/rootdir", path = "/", fpath = "/home/ReeyaDono/git/sharesp231/ReeyaDono/fuse-tutorial-2018-02-04/example/rootdir/"
    lgetxattr returned -1
    ERROR lgetxattr: No data available

bb_opendir(path="/", fi=0x52049c30)
    bb_fullpath:  rootdir = "/home/ReeyaDono/git/sharesp231/ReeyaDono/fuse-tutorial-2018-02-04/example/rootdir", path = "/", fpath = "/home/ReeyaDono/git/sharesp231/ReeyaDono/fuse-tutorial-2018-02-04/example/rootdir/"
    opendir returned 0x0x7fe14c0020e0
    fi:
    flags = 0x00018800
    fh_old = 0x00000000
    writepage = 0
    direct_io = 0
    keep_cache = 0
    fh = 0x00007fe14c0020e0
    lock_owner = 0x0000000000000000

bb_readdir(path="/", buf=0x4c002060, filler=0x52276ac0, offset=0, fi=0x51826c30)
    readdir returned 0x0x7fe14c002110
calling filler with name .
calling filler with name bogus.txt
calling filler with name ..
    fi:
    flags = 0x00000000
    fh_old = 0x7fe14c0020e0
    writepage = 0
    direct_io = 0
    keep_cache = 0
    fh = 0x00007fe14c0020e0
    lock_owner = 0x0000000000000000

bb_getattr(path="/bogus.txt", statbuf=0x52049c40)
    bb_fullpath:  rootdir = "/home/ReeyaDono/git/sharesp231/ReeyaDono/fuse-tutorial-2018-02-04/example/rootdir", path = "/bogus.txt", fpath = "/home/ReeyaDono/git/sharesp231/ReeyaDono/fuse-tutorial-2018-02-04/example/rootdir/bogus.txt"
    lstat returned 0
    si:
    st_dev = 2049
    st_ino = 60824
    st_mode = 0100644
    st_nlink = 1
    st_uid = 1002
    st_gid = 1002
    st_rdev = 0
    st_size = 11
    st_blksize = 4096
    st_blocks = 8
    st_atime = 0x6402fe27
    st_mtime = 0x6402fe27
    st_ctime = 0x6402fe27

bb_getxattr(path = "/bogus.txt", name = "security.selinux", value = 0x44000c30, size = 255)
    bb_fullpath:  rootdir = "/home/ReeyaDono/git/sharesp231/ReeyaDono/fuse-tutorial-2018-02-04/example/rootdir", path = "/bogus.txt", fpath = "/home/ReeyaDono/git/sharesp231/ReeyaDono/fuse-tutorial-2018-02-04/example/rootdir/bogus.txt"
    lgetxattr returned -1
    ERROR lgetxattr: No data available

bb_getxattr(path = "/bogus.txt", name = "system.posix_acl_access", value = 0x4c00a240, size = 4096)
    bb_fullpath:  rootdir = "/home/ReeyaDono/git/sharesp231/ReeyaDono/fuse-tutorial-2018-02-04/example/rootdir", path = "/bogus.txt", fpath = "/home/ReeyaDono/git/sharesp231/ReeyaDono/fuse-tutorial-2018-02-04/example/rootdir/bogus.txt"
    lgetxattr returned -1
    ERROR lgetxattr: No data available

bb_releasedir(path="/", fi=0x52049c30)
    fi:
    flags = 0x00000000
    fh_old = 0x7fe14c0020e0
    writepage = 0
    direct_io = 0
    keep_cache = 0
    fh = 0x00007fe14c0020e0
    lock_owner = 0x0000000000000000

bb_destroy(userdata=0xe05b72a0)
